{"level":"info","message":"Worker registered: 2"}
{"level":"info","message":"Worker registered: [object Object]"}
{"level":"info","message":"Worker registered: Web服务器-01 (ID: 1)","worker":{"cpu":{"cores":8,"usage":21.3},"disk":{"total":952.53,"used":420.67},"id":null,"ip":"192.168.10.112","memory":{"total":15.84,"used":12.51},"name":"Web服务器-01","online":true,"tasks":[{"id":101,"name":"主服务进程","status":"running"},{"id":102,"name":"日志处理","status":"running"},{"id":103,"name":"数据备份","status":"completed"}]}}
{"level":"warn","message":"Heartbeat from unknown worker: 1"}
{"level":"info","message":"Worker registered: Web服务器-01 (ID: 1)","worker":{"cpu":{"cores":8,"usage":25.1},"disk":{"total":952.53,"used":420.67},"id":null,"ip":"192.168.10.112","memory":{"total":15.84,"used":12.58},"name":"Web服务器-01","online":true,"tasks":[{"id":101,"name":"主服务进程","status":"running"},{"id":102,"name":"日志处理","status":"running"},{"id":103,"name":"数据备份","status":"completed"}]}}
{"level":"info","message":"Worker registered: Web服务器-01 (ID: 1)","worker":{"cpu":{"cores":8,"usage":22.6},"disk":{"total":952.53,"used":420.67},"id":null,"ip":"192.168.10.112","memory":{"total":15.84,"used":12.42},"name":"Web服务器-01","online":true,"tasks":[{"id":101,"name":"主服务进程","status":"running"},{"id":102,"name":"日志处理","status":"running"},{"id":103,"name":"数据备份","status":"completed"}]}}
{"level":"warn","message":"Heartbeat from unknown worker: 435325"}
{"level":"warn","message":"Heartbeat from unknown worker: 435325"}
{"level":"warn","message":"Heartbeat from unknown worker: 435325"}
{"level":"info","message":"Worker registered: jialtang-surface (ID: 1)","worker":{"cpu":{"cores":8,"usage":26.1},"disk":{"total":952.53,"used":420.67},"id":324,"ip":"192.168.10.112","memory":{"total":15.84,"used":12.27},"name":"jialtang-surface","online":true,"tasks":[{"id":101,"name":"主服务进程","status":"running"},{"id":102,"name":"日志处理","status":"running"},{"id":103,"name":"数据备份","status":"completed"}]}}
{"level":"info","message":"Worker registered: jialtang-surface (ID: 1)","worker":{"cpu":{"cores":8,"usage":22.1},"disk":{"total":952.53,"used":420.67},"id":324,"ip":"192.168.10.112","memory":{"total":15.84,"used":12.67},"name":"jialtang-surface","online":true,"tasks":[{"id":101,"name":"主服务进程","status":"running"},{"id":102,"name":"日志处理","status":"running"},{"id":103,"name":"数据备份","status":"completed"}]}}
{"level":"info","message":"Worker registered: jialtang-surface (ID: 1)","nodes":[{"cpu":{"cores":4,"usage":0},"disk":{"total":100,"used":0},"id":1,"ip":"192.168.10.112","last_heartbeat":1743182367039,"memory":{"total":8,"used":0},"metrics":null,"name":"jialtang-surface","online":true,"tasks":[]}]}
{"level":"info","message":"Worker registered: jialtang-surface (ID: 5)","nodes":[{"cpu":{"cores":8,"usage":72.63703291549707},"disk":{"total":256,"used":121.92503465367942},"id":1,"ip":"192.168.1.101","memory":{"total":16,"used":11.906339850281896},"name":"Web服务器-01","online":true,"tasks":[{"id":101,"name":"Web服务","status":"running"},{"id":102,"name":"数据库同步","status":"failed"},{"id":103,"name":"日志清理","status":"running"}]},{"cpu":{"cores":16,"usage":44.70184478671807},"disk":{"total":1024,"used":512.3689532709524},"id":2,"ip":"192.168.1.102","memory":{"total":64,"used":32.23270804495874},"name":"数据库服务器-01","online":true,"tasks":[{"id":201,"name":"主数据库","status":"running"},{"id":202,"name":"备份任务","status":"completed"}]},{"cpu":{"cores":4,"usage":0},"disk":{"total":50,"used":5},"id":3,"ip":"192.168.1.103","memory":{"total":8,"used":0},"name":"缓存服务器-01","online":false,"tasks":[]},{"cpu":{"cores":8,"usage":77.83337922339474},"disk":{"total":200,"used":80.64524736682509},"id":4,"ip":"192.168.1.104","memory":{"total":16,"used":13.541191548710366},"name":"应用服务器-01","online":true,"tasks":[{"id":401,"name":"应用服务A","status":"running"},{"id":402,"name":"应用服务B","status":"failed"},{"id":403,"name":"定时任务","status":"completed"}]},{"cpu":{"cores":4,"usage":0},"disk":{"total":100,"used":0},"id":5,"ip":"192.168.10.112","last_heartbeat":1743182559915,"memory":{"total":8,"used":0},"metrics":null,"name":"jialtang-surface","online":true,"tasks":[]}]}
{"level":"info","message":"Worker registered: jialtang-surface (ID: 5)","nodes":[{"cpu":{"cores":8,"usage":67.90386811539433},"disk":{"total":256,"used":120.70366922829693},"id":1,"ip":"192.168.1.101","memory":{"total":16,"used":11.823723113704437},"name":"Web服务器-01","online":true,"tasks":[{"id":101,"name":"Web服务","status":"completed"},{"id":102,"name":"数据库同步","status":"running"},{"id":103,"name":"日志清理","status":"completed"}]},{"cpu":{"cores":16,"usage":48.60622342031694},"disk":{"total":1024,"used":512.1706857555614},"id":2,"ip":"192.168.1.102","memory":{"total":64,"used":32.230612316359675},"name":"数据库服务器-01","online":false,"tasks":[{"id":201,"name":"主数据库","status":"running"},{"id":202,"name":"备份任务","status":"completed"}]},{"cpu":{"cores":4,"usage":0},"disk":{"total":50,"used":5},"id":3,"ip":"192.168.1.103","memory":{"total":8,"used":0},"name":"缓存服务器-01","online":false,"tasks":[]},{"cpu":{"cores":8,"usage":87.71172650861214},"disk":{"total":200,"used":80.6580415771586},"id":4,"ip":"192.168.1.104","memory":{"total":16,"used":14.33583527037507},"name":"应用服务器-01","online":true,"tasks":[{"id":401,"name":"应用服务A","status":"running"},{"id":402,"name":"应用服务B","status":"failed"},{"id":403,"name":"定时任务","status":"completed"}]},{"cpu":{"cores":4,"usage":0},"disk":{"total":100,"used":0},"id":5,"ip":"192.168.10.112","last_heartbeat":1743183125103,"memory":{"total":8,"used":0},"metrics":null,"name":"jialtang-surface","online":true,"tasks":[]}]}
{"level":"info","message":"Worker registered: jialtang-surface (ID: 5)","nodes":[{"cpu":{"cores":8,"usage":65.2872841332333},"disk":{"total":256,"used":119.0805921123746},"id":1,"ip":"192.168.1.101","memory":{"total":16,"used":11.862178650514347},"name":"Web服务器-01","online":true,"tasks":[{"id":101,"name":"Web服务","status":"running"},{"id":102,"name":"数据库同步","status":"running"},{"id":103,"name":"日志清理","status":"completed"}]},{"cpu":{"cores":16,"usage":44.85353321959798},"disk":{"total":1024,"used":511.40123543586816},"id":2,"ip":"192.168.1.102","memory":{"total":64,"used":31.67127488734155},"name":"数据库服务器-01","online":true,"tasks":[{"id":201,"name":"主数据库","status":"running"},{"id":202,"name":"备份任务","status":"completed"}]},{"cpu":{"cores":4,"usage":0},"disk":{"total":50,"used":5},"id":3,"ip":"192.168.1.103","memory":{"total":8,"used":0},"name":"缓存服务器-01","online":false,"tasks":[]},{"cpu":{"cores":8,"usage":73.61007551593255},"disk":{"total":200,"used":80.99250410959795},"id":4,"ip":"192.168.1.104","memory":{"total":16,"used":13.517149966346942},"name":"应用服务器-01","online":true,"tasks":[{"id":401,"name":"应用服务A","status":"running"},{"id":402,"name":"应用服务B","status":"failed"},{"id":403,"name":"定时任务","status":"completed"}]},{"cpu":{"cores":4,"usage":0},"disk":{"total":100,"used":0},"id":5,"ip":"192.168.10.112","last_heartbeat":1743183191690,"memory":{"total":8,"used":0},"metrics":null,"name":"jialtang-surface","online":true,"tasks":[]}]}
{"level":"warn","message":"Heartbeat from unknown worker: 5"}
{"level":"info","message":"Worker registered: jialtang-surface (ID: 5)","nodes":[{"cpu":{"cores":8,"usage":64.29003468422724},"disk":{"total":256,"used":119.53072568441117},"id":1,"ip":"192.168.1.101","memory":{"total":16,"used":12.446562324854415},"name":"Web服务器-01","online":true,"tasks":[{"id":101,"name":"Web服务","status":"completed"},{"id":102,"name":"数据库同步","status":"running"},{"id":103,"name":"日志清理","status":"completed"}]},{"cpu":{"cores":16,"usage":40.21012035127575},"disk":{"total":1024,"used":511.897300897518},"id":2,"ip":"192.168.1.102","memory":{"total":64,"used":32.288499166152015},"name":"数据库服务器-01","online":true,"tasks":[{"id":201,"name":"主数据库","status":"running"},{"id":202,"name":"备份任务","status":"completed"}]},{"cpu":{"cores":4,"usage":0},"disk":{"total":50,"used":5},"id":3,"ip":"192.168.1.103","memory":{"total":8,"used":0},"name":"缓存服务器-01","online":false,"tasks":[]},{"cpu":{"cores":8,"usage":79.01439475951457},"disk":{"total":200,"used":80.87483605073194},"id":4,"ip":"192.168.1.104","memory":{"total":16,"used":13.683064298634983},"name":"应用服务器-01","online":true,"tasks":[{"id":401,"name":"应用服务A","status":"running"},{"id":402,"name":"应用服务B","status":"failed"},{"id":403,"name":"定时任务","status":"completed"}]},{"cpu":{"cores":4,"usage":0},"disk":{"total":100,"used":0},"id":5,"ip":"192.168.10.112","last_heartbeat":1743183293893,"memory":{"total":8,"used":0},"metrics":null,"name":"jialtang-surface","online":true,"tasks":[]}]}
{"level":"info","message":"Worker registered: jialtang-surface (ID: 6)","nodes":[{"cpu":{"cores":8,"usage":65.70350509302787},"disk":{"total":256,"used":119.02552252594332},"id":1,"ip":"192.168.1.101","memory":{"total":16,"used":12.857254868706152},"name":"Web服务器-01","online":false,"tasks":[{"id":101,"name":"Web服务","status":"completed"},{"id":102,"name":"数据库同步","status":"failed"},{"id":103,"name":"日志清理","status":"completed"}]},{"cpu":{"cores":16,"usage":21.793147981894407},"disk":{"total":1024,"used":513.9192352995323},"id":2,"ip":"192.168.1.102","memory":{"total":64,"used":31.562878744137727},"name":"数据库服务器-01","online":true,"tasks":[{"id":201,"name":"主数据库","status":"running"},{"id":202,"name":"备份任务","status":"completed"}]},{"cpu":{"cores":4,"usage":3.288776924338695},"disk":{"total":50,"used":5.001926036817945},"id":3,"ip":"192.168.1.103","memory":{"total":8,"used":0.24763978606816361},"name":"缓存服务器-01","online":true,"tasks":[]},{"cpu":{"cores":8,"usage":92.71591303171046},"disk":{"total":200,"used":81.01739241002775},"id":4,"ip":"192.168.1.104","memory":{"total":16,"used":11.65129235999637},"name":"应用服务器-01","online":true,"tasks":[{"id":401,"name":"应用服务A","status":"failed"},{"id":402,"name":"应用服务B","status":"running"},{"id":403,"name":"定时任务","status":"completed"}]},{"cpu":{"cores":4},"disk":{"total":100,"used":0},"id":5,"ip":"192.168.10.112","last_heartbeat":1743183338845,"memory":{"total":8,"used":1.1520460247993469e-8},"metrics":{"cpu":{"cores":8,"usage":30.1},"disk":{"total":952.53,"used":420.64},"id":5,"memory":{"total":15.84,"used":12.37},"online":true,"tasks":[{"id":101,"name":"主服务进程","status":"running"},{"id":102,"name":"日志处理","status":"running"},{"id":103,"name":"数据备份","status":"completed"}],"timestamp":"2025-03-28T17:35:38.845Z"},"name":"jialtang-surface","online":true,"tasks":[{"id":101,"name":"主服务进程","status":"running"},{"id":102,"name":"日志处理","status":"running"},{"id":103,"name":"数据备份","status":"completed"}]},{"cpu":{"cores":4,"usage":0},"disk":{"total":100,"used":0},"id":6,"ip":"192.168.10.112","last_heartbeat":1743183366130,"memory":{"total":8,"used":0},"metrics":null,"name":"jialtang-surface","online":true,"tasks":[]}]}
{"level":"info","message":"Worker registered: jialtang-surface (ID: 5)","nodes":[{"cpu":{"cores":8,"usage":57.00233498303762},"disk":{"total":256,"used":120.07864661086737},"id":1,"ip":"192.168.1.101","memory":{"total":16,"used":11.345397442619626},"name":"Web服务器-01","online":true,"tasks":[{"id":101,"name":"Web服务","status":"running"},{"id":102,"name":"数据库同步","status":"running"},{"id":103,"name":"日志清理","status":"completed"}]},{"cpu":{"cores":16,"usage":44.06865057069928},"disk":{"total":1024,"used":510.6403004923713},"id":2,"ip":"192.168.1.102","memory":{"total":64,"used":31.313640250248543},"name":"数据库服务器-01","online":true,"tasks":[{"id":201,"name":"主数据库","status":"running"},{"id":202,"name":"备份任务","status":"completed"}]},{"cpu":{"cores":4,"usage":0},"disk":{"total":50,"used":5},"id":3,"ip":"192.168.1.103","memory":{"total":8,"used":0},"name":"缓存服务器-01","online":false,"tasks":[]},{"cpu":{"cores":8,"usage":74.17204466070946},"disk":{"total":200,"used":81.43111453539673},"id":4,"ip":"192.168.1.104","memory":{"total":16,"used":14.227745582287666},"name":"应用服务器-01","online":true,"tasks":[{"id":401,"name":"应用服务A","status":"running"},{"id":402,"name":"应用服务B","status":"running"},{"id":403,"name":"定时任务","status":"completed"}]},{"cpu":{"cores":4,"usage":0},"disk":{"total":100,"used":0},"id":5,"ip":"192.168.10.112","last_heartbeat":1743183394431,"memory":{"total":8,"used":0},"metrics":null,"name":"jialtang-surface","online":true,"tasks":[]}]}
{"level":"info","message":"Worker registered: jialtang-surface (ID: 5)","nodes":[{"cpu":{"cores":8,"usage":70.36115684768978},"disk":{"total":256,"used":121.7584546589196},"id":1,"ip":"192.168.1.101","memory":{"total":16,"used":12.020338657848077},"name":"Web服务器-01","online":true,"tasks":[{"id":101,"name":"Web服务","status":"running"},{"id":102,"name":"数据库同步","status":"running"},{"id":103,"name":"日志清理","status":"completed"}]},{"cpu":{"cores":16,"usage":45.88049882442408},"disk":{"total":1024,"used":512.0103433062773},"id":2,"ip":"192.168.1.102","memory":{"total":64,"used":31.475741521988652},"name":"数据库服务器-01","online":false,"tasks":[{"id":201,"name":"主数据库","status":"running"},{"id":202,"name":"备份任务","status":"completed"}]},{"cpu":{"cores":4,"usage":0},"disk":{"total":50,"used":5},"id":3,"ip":"192.168.1.103","memory":{"total":8,"used":0},"name":"缓存服务器-01","online":true,"tasks":[]},{"cpu":{"cores":8,"usage":67.90736314397947},"disk":{"total":200,"used":79.88066178917232},"id":4,"ip":"192.168.1.104","memory":{"total":16,"used":13.962008957544919},"name":"应用服务器-01","online":false,"tasks":[{"id":401,"name":"应用服务A","status":"running"},{"id":402,"name":"应用服务B","status":"failed"},{"id":403,"name":"定时任务","status":"completed"}]},{"cpu":{"cores":4,"usage":0},"disk":{"total":100,"used":0},"id":5,"ip":"192.168.10.112","last_heartbeat":1743184253433,"memory":{"total":8,"used":0},"metrics":null,"name":"jialtang-surface","online":true,"tasks":[]}]}
{"level":"info","message":"Worker registered: jialtang-surface (ID: 5)","nodes":[{"cpu":{"cores":8,"usage":61.370161874677876},"disk":{"total":256,"used":118.23452575517744},"id":1,"ip":"192.168.1.101","memory":{"total":16,"used":12.172381524522565},"name":"Web服务器-01","online":true,"tasks":[{"id":101,"name":"Web服务","status":"running"},{"id":102,"name":"数据库同步","status":"completed"},{"id":103,"name":"日志清理","status":"completed"}]},{"cpu":{"cores":16,"usage":45.28698998459998},"disk":{"total":1024,"used":511.9124020991329},"id":2,"ip":"192.168.1.102","memory":{"total":64,"used":31.842714149126717},"name":"数据库服务器-01","online":false,"tasks":[{"id":201,"name":"主数据库","status":"running"},{"id":202,"name":"备份任务","status":"completed"}]},{"cpu":{"cores":4,"usage":0},"disk":{"total":50,"used":5},"id":3,"ip":"192.168.1.103","memory":{"total":8,"used":0},"name":"缓存服务器-01","online":false,"tasks":[]},{"cpu":{"cores":8,"usage":81.30132571947479},"disk":{"total":200,"used":80.32990766969282},"id":4,"ip":"192.168.1.104","memory":{"total":16,"used":14.047214690883042},"name":"应用服务器-01","online":true,"tasks":[{"id":401,"name":"应用服务A","status":"failed"},{"id":402,"name":"应用服务B","status":"completed"},{"id":403,"name":"定时任务","status":"completed"}]},{"cpu":{"cores":4,"usage":0},"disk":{"total":100,"used":0},"id":5,"ip":"192.168.10.106","last_heartbeat":1743258051350,"memory":{"total":8,"used":0},"metrics":null,"name":"jialtang-surface","online":true,"tasks":[]}]}
2025-03-29 22:29:05,880 - server_manager - INFO - Worker 1 timed out
2025-03-29 22:29:05,880 - server_manager - INFO - Worker 2 timed out
2025-03-29 22:29:05,880 - server_manager - INFO - Worker 4 timed out
2025-03-29 22:30:15,878 - server_manager - INFO - Worker 2 timed out
2025-03-29 22:31:15,061 - server_manager - INFO - Worker 1 timed out
2025-03-29 22:31:15,061 - server_manager - INFO - Worker 2 timed out
2025-03-29 22:31:15,061 - server_manager - INFO - Worker 4 timed out
2025-03-29 22:31:50,067 - server_manager - INFO - Worker 3 timed out
2025-03-29 22:32:18,184 - watchfiles.main - INFO - 1 change detected
2025-03-29 22:32:18,560 - watchfiles.main - INFO - 1 change detected
2025-03-29 22:32:18,929 - watchfiles.main - INFO - 1 change detected
2025-03-29 22:32:19,288 - watchfiles.main - INFO - 1 change detected
2025-03-29 22:32:19,643 - watchfiles.main - INFO - 1 change detected
2025-03-29 22:32:20,009 - watchfiles.main - INFO - 1 change detected
2025-03-29 22:32:20,370 - watchfiles.main - INFO - 1 change detected
2025-03-29 22:32:20,780 - watchfiles.main - INFO - 1 change detected
2025-03-29 22:32:21,184 - watchfiles.main - INFO - 1 change detected
2025-03-29 22:32:21,590 - watchfiles.main - INFO - 1 change detected
2025-03-29 22:32:22,005 - watchfiles.main - INFO - 1 change detected
2025-03-29 22:32:22,413 - watchfiles.main - INFO - 1 change detected
2025-03-29 22:32:22,825 - watchfiles.main - INFO - 1 change detected
2025-03-29 22:32:23,279 - watchfiles.main - INFO - 1 change detected
2025-03-29 22:32:23,645 - watchfiles.main - INFO - 1 change detected
2025-03-29 22:32:24,051 - watchfiles.main - INFO - 1 change detected
2025-03-29 22:32:24,460 - watchfiles.main - INFO - 1 change detected
2025-03-29 22:32:24,865 - watchfiles.main - INFO - 1 change detected
2025-03-29 22:32:25,056 - server_manager - INFO - Worker 2 timed out
2025-03-29 22:32:25,057 - server_manager - INFO - Worker 4 timed out
2025-03-29 22:32:25,272 - watchfiles.main - INFO - 1 change detected
2025-03-29 22:32:25,684 - watchfiles.main - INFO - 1 change detected
2025-03-29 22:32:26,097 - watchfiles.main - INFO - 1 change detected
2025-03-29 22:32:26,506 - watchfiles.main - INFO - 1 change detected
2025-03-29 22:32:26,908 - watchfiles.main - INFO - 1 change detected
2025-03-29 22:32:27,310 - watchfiles.main - INFO - 1 change detected
2025-03-29 22:32:27,713 - watchfiles.main - INFO - 1 change detected
2025-03-29 22:32:28,116 - watchfiles.main - INFO - 1 change detected
2025-03-29 22:32:28,479 - watchfiles.main - INFO - 1 change detected
2025-03-29 22:32:28,899 - watchfiles.main - INFO - 1 change detected
2025-03-29 22:32:29,305 - watchfiles.main - INFO - 1 change detected
2025-03-29 22:32:29,722 - watchfiles.main - INFO - 1 change detected
2025-03-29 22:32:30,134 - watchfiles.main - INFO - 1 change detected
2025-03-29 22:32:30,550 - watchfiles.main - INFO - 1 change detected
2025-03-29 22:32:30,953 - watchfiles.main - INFO - 1 change detected
2025-03-29 22:32:31,356 - watchfiles.main - INFO - 1 change detected
2025-03-29 22:32:31,768 - watchfiles.main - INFO - 1 change detected
2025-03-29 22:32:32,127 - watchfiles.main - INFO - 1 change detected
2025-03-29 22:32:32,529 - watchfiles.main - INFO - 1 change detected
2025-03-29 22:32:32,991 - watchfiles.main - INFO - 1 change detected
2025-03-29 22:32:33,394 - watchfiles.main - INFO - 1 change detected
2025-03-29 22:32:33,809 - watchfiles.main - INFO - 1 change detected
2025-03-29 22:32:34,224 - watchfiles.main - INFO - 1 change detected
2025-03-29 22:32:34,631 - watchfiles.main - INFO - 1 change detected
2025-03-29 22:32:35,045 - watchfiles.main - INFO - 1 change detected
2025-03-29 22:32:35,449 - watchfiles.main - INFO - 1 change detected
2025-03-29 22:32:35,856 - watchfiles.main - INFO - 1 change detected
2025-03-29 22:32:36,217 - watchfiles.main - INFO - 1 change detected
2025-03-29 22:32:36,621 - watchfiles.main - INFO - 1 change detected
2025-03-29 22:32:37,038 - watchfiles.main - INFO - 1 change detected
2025-03-29 22:32:37,441 - watchfiles.main - INFO - 1 change detected
2025-03-29 22:32:37,845 - watchfiles.main - INFO - 1 change detected
2025-03-29 22:32:38,257 - watchfiles.main - INFO - 1 change detected
2025-03-29 22:32:38,662 - watchfiles.main - INFO - 1 change detected
2025-03-29 22:32:39,075 - watchfiles.main - INFO - 1 change detected
2025-03-29 22:32:39,478 - watchfiles.main - INFO - 1 change detected
2025-03-29 22:32:39,894 - watchfiles.main - INFO - 1 change detected
2025-03-29 22:32:40,361 - watchfiles.main - INFO - 1 change detected
2025-03-29 22:32:40,765 - watchfiles.main - INFO - 1 change detected
2025-03-29 22:32:41,123 - watchfiles.main - INFO - 1 change detected
2025-03-29 22:32:41,536 - watchfiles.main - INFO - 1 change detected
2025-03-29 22:32:41,949 - watchfiles.main - INFO - 1 change detected
2025-03-29 22:32:42,354 - watchfiles.main - INFO - 1 change detected
2025-03-29 22:32:42,767 - watchfiles.main - INFO - 1 change detected
2025-03-29 22:32:43,123 - watchfiles.main - INFO - 1 change detected
2025-03-29 22:32:43,527 - watchfiles.main - INFO - 1 change detected
2025-03-29 22:32:43,943 - watchfiles.main - INFO - 1 change detected
2025-03-29 22:32:44,359 - watchfiles.main - INFO - 1 change detected
2025-03-29 22:32:44,773 - watchfiles.main - INFO - 1 change detected
2025-03-29 22:32:45,180 - watchfiles.main - INFO - 1 change detected
2025-03-29 22:32:45,540 - watchfiles.main - INFO - 1 change detected
2025-03-29 22:32:45,950 - watchfiles.main - INFO - 1 change detected
2025-03-29 22:32:46,366 - watchfiles.main - INFO - 1 change detected
2025-03-29 22:32:46,769 - watchfiles.main - INFO - 1 change detected
2025-03-29 22:32:47,172 - watchfiles.main - INFO - 1 change detected
2025-03-29 22:32:47,537 - watchfiles.main - INFO - 1 change detected
2025-03-29 22:32:47,989 - watchfiles.main - INFO - 1 change detected
2025-03-29 22:32:48,354 - watchfiles.main - INFO - 1 change detected
2025-03-29 22:32:48,757 - watchfiles.main - INFO - 1 change detected
2025-03-29 22:32:49,162 - watchfiles.main - INFO - 1 change detected
2025-03-29 22:32:49,573 - watchfiles.main - INFO - 1 change detected
2025-03-29 22:32:50,003 - watchfiles.main - INFO - 1 change detected
2025-03-29 22:32:50,367 - watchfiles.main - INFO - 1 change detected
2025-03-29 22:32:50,778 - watchfiles.main - INFO - 1 change detected
2025-03-29 22:32:51,132 - watchfiles.main - INFO - 1 change detected
2025-03-29 22:32:51,548 - watchfiles.main - INFO - 1 change detected
2025-03-29 22:32:51,964 - watchfiles.main - INFO - 1 change detected
2025-03-29 22:32:52,371 - watchfiles.main - INFO - 1 change detected
2025-03-29 22:32:52,779 - watchfiles.main - INFO - 1 change detected
2025-03-29 22:32:53,185 - watchfiles.main - INFO - 1 change detected
2025-03-29 22:32:53,588 - watchfiles.main - INFO - 1 change detected
2025-03-29 22:32:54,044 - watchfiles.main - INFO - 1 change detected
2025-03-29 22:32:54,451 - watchfiles.main - INFO - 1 change detected
2025-03-29 22:32:54,857 - watchfiles.main - INFO - 1 change detected
2025-03-29 22:32:55,260 - watchfiles.main - INFO - 1 change detected
2025-03-29 22:32:55,627 - watchfiles.main - INFO - 1 change detected
2025-03-29 22:32:56,035 - watchfiles.main - INFO - 1 change detected
2025-03-29 22:32:56,442 - watchfiles.main - INFO - 1 change detected
2025-03-29 22:32:56,896 - watchfiles.main - INFO - 1 change detected
2025-03-29 22:32:57,263 - watchfiles.main - INFO - 1 change detected
2025-03-29 22:32:57,665 - watchfiles.main - INFO - 1 change detected
2025-03-29 22:32:58,068 - watchfiles.main - INFO - 1 change detected
2025-03-29 22:32:58,484 - watchfiles.main - INFO - 1 change detected
2025-03-29 22:32:58,898 - watchfiles.main - INFO - 1 change detected
2025-03-29 22:32:59,315 - watchfiles.main - INFO - 1 change detected
2025-03-29 22:32:59,680 - watchfiles.main - INFO - 1 change detected
2025-03-29 22:33:00,089 - watchfiles.main - INFO - 1 change detected
2025-03-29 22:33:00,543 - watchfiles.main - INFO - 1 change detected
2025-03-29 22:33:00,905 - watchfiles.main - INFO - 1 change detected
2025-03-29 22:33:01,314 - watchfiles.main - INFO - 1 change detected
2025-03-29 22:33:01,725 - watchfiles.main - INFO - 1 change detected
2025-03-29 22:33:02,128 - watchfiles.main - INFO - 1 change detected
2025-03-29 22:33:02,531 - watchfiles.main - INFO - 1 change detected
2025-03-29 22:33:02,945 - watchfiles.main - INFO - 1 change detected
2025-03-29 22:33:03,347 - watchfiles.main - INFO - 1 change detected
2025-03-29 22:33:03,751 - watchfiles.main - INFO - 1 change detected
2025-03-29 22:33:04,166 - watchfiles.main - INFO - 1 change detected
2025-03-29 22:33:04,571 - watchfiles.main - INFO - 1 change detected
2025-03-29 22:33:04,983 - watchfiles.main - INFO - 1 change detected
2025-03-29 22:33:05,388 - watchfiles.main - INFO - 1 change detected
2025-03-29 22:33:05,802 - watchfiles.main - INFO - 1 change detected
2025-03-29 22:33:06,207 - watchfiles.main - INFO - 1 change detected
2025-03-29 22:33:06,610 - watchfiles.main - INFO - 1 change detected
2025-03-29 22:33:07,028 - watchfiles.main - INFO - 1 change detected
2025-03-29 22:33:07,443 - watchfiles.main - INFO - 1 change detected
2025-03-29 22:33:07,846 - watchfiles.main - INFO - 1 change detected
2025-03-29 22:33:08,210 - watchfiles.main - INFO - 1 change detected
2025-03-29 22:33:08,615 - watchfiles.main - INFO - 1 change detected
2025-03-29 22:33:09,030 - watchfiles.main - INFO - 1 change detected
2025-03-29 22:33:09,446 - watchfiles.main - INFO - 1 change detected
2025-03-29 22:33:09,849 - watchfiles.main - INFO - 1 change detected
2025-03-29 22:33:10,252 - watchfiles.main - INFO - 1 change detected
2025-03-29 22:33:10,658 - watchfiles.main - INFO - 1 change detected
2025-03-29 22:33:10,903 - server_manager - INFO - Worker 1 timed out
2025-03-29 22:33:11,070 - watchfiles.main - INFO - 1 change detected
2025-03-29 22:33:11,486 - watchfiles.main - INFO - 1 change detected
2025-03-29 22:33:11,889 - watchfiles.main - INFO - 1 change detected
2025-03-29 22:33:12,291 - watchfiles.main - INFO - 1 change detected
2025-03-29 22:33:12,745 - watchfiles.main - INFO - 1 change detected
2025-03-29 22:33:13,154 - watchfiles.main - INFO - 1 change detected
2025-03-29 22:33:13,562 - watchfiles.main - INFO - 1 change detected
2025-03-29 22:33:13,914 - watchfiles.main - INFO - 1 change detected
2025-03-29 22:33:14,317 - watchfiles.main - INFO - 1 change detected
2025-03-29 22:33:14,758 - watchfiles.main - INFO - 1 change detected
2025-03-29 22:33:15,117 - watchfiles.main - INFO - 1 change detected
2025-03-29 22:33:15,520 - watchfiles.main - INFO - 1 change detected
2025-03-29 22:33:15,935 - watchfiles.main - INFO - 1 change detected
2025-03-29 22:33:16,355 - watchfiles.main - INFO - 1 change detected
2025-03-29 22:33:16,757 - watchfiles.main - INFO - 1 change detected
2025-03-29 22:33:17,160 - watchfiles.main - INFO - 1 change detected
2025-03-29 22:33:17,572 - watchfiles.main - INFO - 1 change detected
2025-03-29 22:33:17,976 - watchfiles.main - INFO - 1 change detected
2025-03-29 22:33:18,337 - watchfiles.main - INFO - 1 change detected
2025-03-29 22:33:18,742 - watchfiles.main - INFO - 1 change detected
2025-03-29 22:33:19,146 - watchfiles.main - INFO - 1 change detected
2025-03-29 22:33:19,554 - watchfiles.main - INFO - 1 change detected
2025-03-29 22:33:19,964 - watchfiles.main - INFO - 1 change detected
2025-03-29 22:33:20,379 - watchfiles.main - INFO - 1 change detected
2025-03-29 22:33:20,782 - watchfiles.main - INFO - 1 change detected
2025-03-29 22:33:21,199 - watchfiles.main - INFO - 1 change detected
2025-03-29 22:33:21,602 - watchfiles.main - INFO - 1 change detected
2025-03-29 22:33:22,072 - watchfiles.main - INFO - 1 change detected
2025-03-29 22:33:22,481 - watchfiles.main - INFO - 1 change detected
2025-03-29 22:33:22,887 - watchfiles.main - INFO - 1 change detected
2025-03-29 22:33:23,303 - watchfiles.main - INFO - 1 change detected
2025-03-29 22:33:23,706 - watchfiles.main - INFO - 1 change detected
2025-03-29 22:33:24,109 - watchfiles.main - INFO - 1 change detected
2025-03-29 22:33:24,513 - watchfiles.main - INFO - 1 change detected
2025-03-29 22:33:24,925 - watchfiles.main - INFO - 1 change detected
2025-03-29 22:33:25,343 - watchfiles.main - INFO - 1 change detected
2025-03-29 22:33:25,746 - watchfiles.main - INFO - 1 change detected
2025-03-29 22:33:26,149 - watchfiles.main - INFO - 1 change detected
2025-03-29 22:33:26,564 - watchfiles.main - INFO - 1 change detected
2025-03-29 22:33:26,981 - watchfiles.main - INFO - 1 change detected
2025-03-29 22:33:27,384 - watchfiles.main - INFO - 1 change detected
2025-03-29 22:33:27,749 - watchfiles.main - INFO - 1 change detected
2025-03-29 22:33:28,218 - watchfiles.main - INFO - 1 change detected
2025-03-29 22:33:28,575 - watchfiles.main - INFO - 1 change detected
2025-03-29 22:33:28,985 - watchfiles.main - INFO - 1 change detected
2025-03-29 22:33:29,390 - watchfiles.main - INFO - 1 change detected
2025-03-29 22:33:29,807 - watchfiles.main - INFO - 1 change detected
2025-03-29 22:33:30,225 - watchfiles.main - INFO - 1 change detected
2025-03-29 22:33:30,629 - watchfiles.main - INFO - 1 change detected
2025-03-29 22:33:31,045 - watchfiles.main - INFO - 1 change detected
2025-03-29 22:33:31,448 - watchfiles.main - INFO - 1 change detected
2025-03-29 22:33:31,816 - watchfiles.main - INFO - 1 change detected
2025-03-29 22:33:32,231 - watchfiles.main - INFO - 1 change detected
2025-03-29 22:33:32,636 - watchfiles.main - INFO - 1 change detected
2025-03-29 22:33:33,051 - watchfiles.main - INFO - 1 change detected
2025-03-29 22:33:33,454 - watchfiles.main - INFO - 1 change detected
2025-03-29 22:33:33,869 - watchfiles.main - INFO - 1 change detected
2025-03-29 22:33:34,274 - watchfiles.main - INFO - 1 change detected
2025-03-29 22:33:34,634 - watchfiles.main - INFO - 1 change detected
2025-03-29 22:33:35,088 - watchfiles.main - INFO - 1 change detected
2025-03-29 22:33:35,441 - watchfiles.main - INFO - 1 change detected
2025-03-29 22:33:35,853 - watchfiles.main - INFO - 1 change detected
2025-03-29 22:33:36,306 - watchfiles.main - INFO - 1 change detected
2025-03-29 22:33:36,715 - watchfiles.main - INFO - 1 change detected
2025-03-29 22:33:37,067 - watchfiles.main - INFO - 1 change detected
2025-03-29 22:33:37,471 - watchfiles.main - INFO - 1 change detected
2025-03-29 22:33:37,885 - watchfiles.main - INFO - 1 change detected
2025-03-29 22:33:38,293 - watchfiles.main - INFO - 1 change detected
2025-03-29 22:33:38,702 - watchfiles.main - INFO - 1 change detected
2025-03-29 22:33:39,118 - watchfiles.main - INFO - 1 change detected
2025-03-29 22:33:39,520 - watchfiles.main - INFO - 1 change detected
2025-03-29 22:33:39,973 - watchfiles.main - INFO - 1 change detected
2025-03-29 22:33:40,389 - watchfiles.main - INFO - 1 change detected
2025-03-29 22:33:40,752 - watchfiles.main - INFO - 1 change detected
2025-03-29 22:33:41,157 - watchfiles.main - INFO - 1 change detected
2025-03-29 22:33:41,560 - watchfiles.main - INFO - 1 change detected
2025-03-29 22:33:41,976 - watchfiles.main - INFO - 1 change detected
2025-03-29 22:33:42,385 - watchfiles.main - INFO - 1 change detected
2025-03-29 22:33:42,850 - watchfiles.main - INFO - 1 change detected
2025-03-29 22:33:43,262 - watchfiles.main - INFO - 1 change detected
2025-03-29 22:33:43,630 - watchfiles.main - INFO - 1 change detected
2025-03-29 22:33:44,037 - watchfiles.main - INFO - 1 change detected
2025-03-29 22:33:44,449 - watchfiles.main - INFO - 1 change detected
2025-03-29 22:33:44,862 - watchfiles.main - INFO - 1 change detected
2025-03-29 22:33:45,271 - watchfiles.main - INFO - 1 change detected
2025-03-29 22:33:45,687 - watchfiles.main - INFO - 1 change detected
2025-03-29 22:33:45,917 - server_manager - INFO - Worker 1 timed out
2025-03-29 22:33:46,091 - watchfiles.main - INFO - 1 change detected
2025-03-29 22:33:46,502 - watchfiles.main - INFO - 1 change detected
2025-03-29 22:33:46,957 - watchfiles.main - INFO - 1 change detected
2025-03-29 22:33:47,323 - watchfiles.main - INFO - 1 change detected
2025-03-29 22:33:47,728 - watchfiles.main - INFO - 1 change detected
2025-03-29 22:33:48,133 - watchfiles.main - INFO - 1 change detected
2025-03-29 22:33:48,547 - watchfiles.main - INFO - 1 change detected
2025-03-29 22:33:48,960 - watchfiles.main - INFO - 1 change detected
2025-03-29 22:33:49,367 - watchfiles.main - INFO - 1 change detected
2025-03-29 22:33:49,783 - watchfiles.main - INFO - 1 change detected
2025-03-29 22:33:50,200 - watchfiles.main - INFO - 1 change detected
2025-03-29 22:33:50,615 - watchfiles.main - INFO - 1 change detected
2025-03-29 22:33:51,029 - watchfiles.main - INFO - 1 change detected
2025-03-29 22:33:51,440 - watchfiles.main - INFO - 1 change detected
2025-03-29 22:33:51,856 - watchfiles.main - INFO - 1 change detected
2025-03-29 22:33:52,219 - watchfiles.main - INFO - 1 change detected
2025-03-29 22:33:52,644 - watchfiles.main - INFO - 1 change detected
2025-03-29 22:33:53,061 - watchfiles.main - INFO - 1 change detected
2025-03-29 22:33:53,473 - watchfiles.main - INFO - 1 change detected
2025-03-29 22:33:53,878 - watchfiles.main - INFO - 1 change detected
2025-03-29 22:33:54,294 - watchfiles.main - INFO - 1 change detected
2025-03-29 22:33:54,699 - watchfiles.main - INFO - 1 change detected
2025-03-29 22:33:55,115 - watchfiles.main - INFO - 1 change detected
2025-03-29 22:33:55,474 - watchfiles.main - INFO - 1 change detected
2025-03-29 22:33:55,886 - watchfiles.main - INFO - 1 change detected
2025-03-29 22:33:56,301 - watchfiles.main - INFO - 1 change detected
2025-03-29 22:33:56,709 - watchfiles.main - INFO - 1 change detected
2025-03-29 22:33:57,118 - watchfiles.main - INFO - 1 change detected
2025-03-29 22:33:57,528 - watchfiles.main - INFO - 1 change detected
2025-03-29 22:33:57,891 - watchfiles.main - INFO - 1 change detected
2025-03-29 22:33:58,339 - watchfiles.main - INFO - 1 change detected
2025-03-29 22:33:58,743 - watchfiles.main - INFO - 1 change detected
2025-03-29 22:33:59,147 - watchfiles.main - INFO - 1 change detected
2025-03-29 22:33:59,564 - watchfiles.main - INFO - 1 change detected
2025-03-29 22:33:59,920 - watchfiles.main - INFO - 1 change detected
2025-03-29 22:34:00,330 - watchfiles.main - INFO - 1 change detected
2025-03-29 22:34:00,747 - watchfiles.main - INFO - 1 change detected
2025-03-29 22:34:01,164 - watchfiles.main - INFO - 1 change detected
2025-03-29 22:34:01,570 - watchfiles.main - INFO - 1 change detected
2025-03-29 22:34:01,983 - watchfiles.main - INFO - 1 change detected
2025-03-29 22:34:02,387 - watchfiles.main - INFO - 1 change detected
2025-03-29 22:34:02,741 - watchfiles.main - INFO - 1 change detected
2025-03-29 22:34:03,146 - watchfiles.main - INFO - 1 change detected
2025-03-29 22:34:03,550 - watchfiles.main - INFO - 1 change detected
2025-03-29 22:34:04,003 - watchfiles.main - INFO - 1 change detected
2025-03-29 22:34:04,386 - watchfiles.main - INFO - 1 change detected
2025-03-29 22:34:04,795 - watchfiles.main - INFO - 1 change detected
2025-03-29 22:34:05,198 - watchfiles.main - INFO - 1 change detected
2025-03-29 22:34:05,615 - watchfiles.main - INFO - 1 change detected
2025-03-29 22:34:06,067 - watchfiles.main - INFO - 1 change detected
2025-03-29 22:34:06,469 - watchfiles.main - INFO - 1 change detected
2025-03-29 22:34:06,881 - watchfiles.main - INFO - 1 change detected
2025-03-29 22:34:07,243 - watchfiles.main - INFO - 1 change detected
2025-03-29 22:34:07,646 - watchfiles.main - INFO - 1 change detected
2025-03-29 22:34:08,055 - watchfiles.main - INFO - 1 change detected
2025-03-29 22:34:08,522 - watchfiles.main - INFO - 1 change detected
2025-03-29 22:34:08,878 - watchfiles.main - INFO - 1 change detected
2025-03-29 22:34:09,292 - watchfiles.main - INFO - 1 change detected
2025-03-29 22:34:09,746 - watchfiles.main - INFO - 1 change detected
2025-03-29 22:34:10,112 - watchfiles.main - INFO - 1 change detected
2025-03-29 22:34:10,576 - watchfiles.main - INFO - 1 change detected
2025-03-29 22:34:10,934 - watchfiles.main - INFO - 1 change detected
2025-03-29 22:34:11,394 - watchfiles.main - INFO - 1 change detected
2025-03-29 22:34:11,749 - watchfiles.main - INFO - 1 change detected
2025-03-29 22:34:12,167 - watchfiles.main - INFO - 1 change detected
2025-03-29 22:34:12,573 - watchfiles.main - INFO - 1 change detected
2025-03-29 22:34:12,981 - watchfiles.main - INFO - 1 change detected
2025-03-29 22:34:13,385 - watchfiles.main - INFO - 1 change detected
2025-03-29 22:34:13,752 - watchfiles.main - INFO - 1 change detected
2025-03-29 22:34:14,169 - watchfiles.main - INFO - 1 change detected
2025-03-29 22:34:14,575 - watchfiles.main - INFO - 1 change detected
2025-03-29 22:34:14,987 - watchfiles.main - INFO - 1 change detected
2025-03-29 22:34:15,391 - watchfiles.main - INFO - 1 change detected
2025-03-29 22:34:15,824 - watchfiles.main - INFO - 1 change detected
2025-03-29 22:34:16,187 - watchfiles.main - INFO - 1 change detected
2025-03-29 22:34:16,599 - watchfiles.main - INFO - 1 change detected
2025-03-29 22:34:17,054 - watchfiles.main - INFO - 1 change detected
2025-03-29 22:34:17,465 - watchfiles.main - INFO - 1 change detected
2025-03-29 22:34:17,879 - watchfiles.main - INFO - 1 change detected
2025-03-29 22:34:18,288 - watchfiles.main - INFO - 1 change detected
2025-03-29 22:34:18,695 - watchfiles.main - INFO - 1 change detected
2025-03-29 22:34:19,103 - watchfiles.main - INFO - 1 change detected
2025-03-29 22:34:19,463 - watchfiles.main - INFO - 1 change detected
2025-03-29 22:34:19,874 - watchfiles.main - INFO - 1 change detected
2025-03-29 22:34:20,283 - watchfiles.main - INFO - 1 change detected
2025-03-29 22:34:20,697 - watchfiles.main - INFO - 1 change detected
2025-03-29 22:34:21,107 - watchfiles.main - INFO - 1 change detected
2025-03-29 22:34:21,560 - watchfiles.main - INFO - 1 change detected
2025-03-29 22:34:21,917 - watchfiles.main - INFO - 1 change detected
2025-03-29 22:34:22,333 - watchfiles.main - INFO - 1 change detected
2025-03-29 22:34:22,749 - watchfiles.main - INFO - 1 change detected
2025-03-29 22:34:23,118 - watchfiles.main - INFO - 1 change detected
2025-03-29 22:34:23,474 - watchfiles.main - INFO - 1 change detected
2025-03-29 22:34:23,832 - watchfiles.main - INFO - 1 change detected
2025-03-29 22:34:24,186 - watchfiles.main - INFO - 1 change detected
2025-03-29 22:34:24,600 - watchfiles.main - INFO - 1 change detected
2025-03-29 22:34:25,003 - watchfiles.main - INFO - 1 change detected
2025-03-29 22:34:25,406 - watchfiles.main - INFO - 1 change detected
2025-03-29 22:34:25,821 - watchfiles.main - INFO - 1 change detected
2025-03-29 22:34:26,225 - watchfiles.main - INFO - 1 change detected
2025-03-29 22:34:26,635 - watchfiles.main - INFO - 1 change detected
2025-03-29 22:34:26,997 - watchfiles.main - INFO - 1 change detected
2025-03-29 22:34:27,422 - watchfiles.main - INFO - 1 change detected
2025-03-29 22:34:27,826 - watchfiles.main - INFO - 1 change detected
2025-03-29 22:34:28,242 - watchfiles.main - INFO - 1 change detected
2025-03-29 22:34:28,644 - watchfiles.main - INFO - 1 change detected
2025-03-29 22:34:29,062 - watchfiles.main - INFO - 1 change detected
2025-03-29 22:34:29,423 - watchfiles.main - INFO - 1 change detected
2025-03-29 22:34:29,883 - watchfiles.main - INFO - 1 change detected
2025-03-29 22:34:30,245 - watchfiles.main - INFO - 1 change detected
2025-03-29 22:34:30,657 - watchfiles.main - INFO - 1 change detected
2025-03-29 22:34:31,060 - watchfiles.main - INFO - 1 change detected
2025-03-29 22:34:31,474 - watchfiles.main - INFO - 1 change detected
2025-03-29 22:34:31,927 - watchfiles.main - INFO - 1 change detected
2025-03-29 22:34:32,279 - watchfiles.main - INFO - 1 change detected
2025-03-29 22:34:32,689 - watchfiles.main - INFO - 1 change detected
2025-03-29 22:34:33,091 - watchfiles.main - INFO - 1 change detected
2025-03-29 22:34:33,503 - watchfiles.main - INFO - 1 change detected
2025-03-29 22:34:33,915 - watchfiles.main - INFO - 1 change detected
2025-03-29 22:34:34,319 - watchfiles.main - INFO - 1 change detected
2025-03-29 22:34:34,724 - watchfiles.main - INFO - 1 change detected
2025-03-29 22:34:35,097 - watchfiles.main - INFO - 1 change detected
2025-03-29 22:34:35,461 - watchfiles.main - INFO - 1 change detected
2025-03-29 22:34:35,817 - watchfiles.main - INFO - 1 change detected
2025-03-29 22:34:36,175 - watchfiles.main - INFO - 1 change detected
2025-03-29 22:34:36,538 - watchfiles.main - INFO - 1 change detected
2025-03-29 22:34:36,891 - watchfiles.main - INFO - 1 change detected
2025-03-29 22:34:37,257 - watchfiles.main - INFO - 1 change detected
2025-03-29 22:34:37,612 - watchfiles.main - INFO - 1 change detected
2025-03-29 22:34:37,975 - watchfiles.main - INFO - 1 change detected
2025-03-29 22:34:38,377 - watchfiles.main - INFO - 1 change detected
2025-03-29 22:34:38,845 - watchfiles.main - INFO - 1 change detected
2025-03-29 22:34:39,299 - watchfiles.main - INFO - 1 change detected
2025-03-29 22:34:39,651 - watchfiles.main - INFO - 1 change detected
2025-03-29 22:34:40,054 - watchfiles.main - INFO - 1 change detected
2025-03-29 22:34:40,468 - watchfiles.main - INFO - 1 change detected
2025-03-29 22:34:40,884 - watchfiles.main - INFO - 1 change detected
2025-03-29 22:34:41,301 - watchfiles.main - INFO - 1 change detected
2025-03-29 22:34:41,667 - watchfiles.main - INFO - 1 change detected
2025-03-29 22:34:42,124 - watchfiles.main - INFO - 1 change detected
2025-03-29 22:34:42,538 - watchfiles.main - INFO - 1 change detected
2025-03-29 22:34:42,905 - watchfiles.main - INFO - 1 change detected
2025-03-29 22:34:43,367 - watchfiles.main - INFO - 1 change detected
2025-03-29 22:34:43,772 - watchfiles.main - INFO - 1 change detected
2025-03-29 22:34:44,175 - watchfiles.main - INFO - 1 change detected
2025-03-29 22:34:44,541 - watchfiles.main - INFO - 1 change detected
2025-03-29 22:34:44,948 - watchfiles.main - INFO - 1 change detected
2025-03-29 22:34:45,363 - watchfiles.main - INFO - 1 change detected
2025-03-29 22:34:45,776 - watchfiles.main - INFO - 1 change detected
2025-03-29 22:34:46,184 - watchfiles.main - INFO - 1 change detected
2025-03-29 22:34:46,588 - watchfiles.main - INFO - 1 change detected
2025-03-29 22:34:47,002 - watchfiles.main - INFO - 1 change detected
2025-03-29 22:34:47,419 - watchfiles.main - INFO - 1 change detected
2025-03-29 22:34:47,785 - watchfiles.main - INFO - 1 change detected
2025-03-29 22:34:48,187 - watchfiles.main - INFO - 1 change detected
2025-03-29 22:34:48,603 - watchfiles.main - INFO - 1 change detected
2025-03-29 22:34:49,014 - watchfiles.main - INFO - 1 change detected
2025-03-29 22:34:49,427 - watchfiles.main - INFO - 1 change detected
2025-03-29 22:34:49,794 - watchfiles.main - INFO - 1 change detected
2025-03-29 22:34:50,153 - watchfiles.main - INFO - 1 change detected
2025-03-29 22:34:50,520 - watchfiles.main - INFO - 1 change detected
2025-03-29 22:34:50,883 - watchfiles.main - INFO - 1 change detected
2025-03-29 22:34:51,250 - watchfiles.main - INFO - 1 change detected
2025-03-29 22:34:51,615 - watchfiles.main - INFO - 1 change detected
2025-03-29 22:34:51,983 - watchfiles.main - INFO - 1 change detected
2025-03-29 22:34:52,336 - watchfiles.main - INFO - 1 change detected
2025-03-29 22:34:52,687 - watchfiles.main - INFO - 1 change detected
2025-03-29 22:34:53,042 - watchfiles.main - INFO - 1 change detected
2025-03-29 22:34:53,393 - watchfiles.main - INFO - 1 change detected
2025-03-29 22:34:53,755 - watchfiles.main - INFO - 1 change detected
2025-03-29 22:34:54,120 - watchfiles.main - INFO - 1 change detected
2025-03-29 22:34:54,474 - watchfiles.main - INFO - 1 change detected
2025-03-29 22:34:54,836 - watchfiles.main - INFO - 1 change detected
2025-03-29 22:34:55,189 - watchfiles.main - INFO - 1 change detected
2025-03-29 22:34:55,544 - watchfiles.main - INFO - 1 change detected
2025-03-29 22:34:55,898 - watchfiles.main - INFO - 1 change detected
2025-03-29 22:34:56,314 - watchfiles.main - INFO - 1 change detected
2025-03-29 22:34:56,716 - watchfiles.main - INFO - 1 change detected
2025-03-29 22:34:57,130 - watchfiles.main - INFO - 1 change detected
2025-03-29 22:34:57,497 - watchfiles.main - INFO - 1 change detected
2025-03-29 22:34:57,903 - watchfiles.main - INFO - 1 change detected
2025-03-29 22:34:58,289 - watchfiles.main - INFO - 1 change detected
2025-03-29 22:34:58,645 - watchfiles.main - INFO - 1 change detected
2025-03-29 22:34:59,004 - watchfiles.main - INFO - 1 change detected
2025-03-29 22:34:59,371 - watchfiles.main - INFO - 1 change detected
2025-03-29 22:34:59,737 - watchfiles.main - INFO - 1 change detected
2025-03-29 22:35:00,108 - watchfiles.main - INFO - 1 change detected
2025-03-29 22:35:00,461 - watchfiles.main - INFO - 1 change detected
2025-03-29 22:35:00,824 - watchfiles.main - INFO - 1 change detected
2025-03-29 22:35:01,241 - watchfiles.main - INFO - 1 change detected
2025-03-29 22:35:01,606 - watchfiles.main - INFO - 1 change detected
2025-03-29 22:35:02,009 - watchfiles.main - INFO - 1 change detected
2025-03-29 22:35:02,415 - watchfiles.main - INFO - 1 change detected
2025-03-29 22:35:02,880 - watchfiles.main - INFO - 1 change detected
2025-03-29 22:35:03,284 - watchfiles.main - INFO - 1 change detected
2025-03-29 22:35:03,698 - watchfiles.main - INFO - 1 change detected
2025-03-29 22:35:04,050 - watchfiles.main - INFO - 1 change detected
2025-03-29 22:35:04,467 - watchfiles.main - INFO - 1 change detected
2025-03-29 22:35:04,871 - watchfiles.main - INFO - 1 change detected
2025-03-29 22:35:05,289 - watchfiles.main - INFO - 1 change detected
2025-03-29 22:35:05,649 - watchfiles.main - INFO - 1 change detected
2025-03-29 22:35:06,006 - watchfiles.main - INFO - 1 change detected
2025-03-29 22:35:06,358 - watchfiles.main - INFO - 1 change detected
2025-03-29 22:35:06,723 - watchfiles.main - INFO - 1 change detected
2025-03-29 22:35:07,085 - watchfiles.main - INFO - 1 change detected
2025-03-29 22:35:07,452 - watchfiles.main - INFO - 1 change detected
2025-03-29 22:35:07,868 - watchfiles.main - INFO - 1 change detected
2025-03-29 22:35:08,278 - watchfiles.main - INFO - 1 change detected
2025-03-29 22:35:08,685 - watchfiles.main - INFO - 1 change detected
2025-03-29 22:35:09,049 - watchfiles.main - INFO - 1 change detected
2025-03-29 22:35:09,404 - watchfiles.main - INFO - 1 change detected
2025-03-29 22:35:09,762 - watchfiles.main - INFO - 1 change detected
2025-03-29 22:35:10,120 - watchfiles.main - INFO - 1 change detected
2025-03-29 22:35:10,472 - watchfiles.main - INFO - 1 change detected
2025-03-29 22:35:10,835 - watchfiles.main - INFO - 1 change detected
2025-03-29 22:35:11,196 - watchfiles.main - INFO - 1 change detected
2025-03-29 22:35:11,551 - watchfiles.main - INFO - 1 change detected
2025-03-29 22:35:11,953 - watchfiles.main - INFO - 1 change detected
2025-03-29 22:35:12,356 - watchfiles.main - INFO - 1 change detected
2025-03-29 22:35:12,766 - watchfiles.main - INFO - 1 change detected
2025-03-29 22:35:13,181 - watchfiles.main - INFO - 1 change detected
2025-03-29 22:35:13,593 - watchfiles.main - INFO - 1 change detected
2025-03-29 22:35:13,999 - watchfiles.main - INFO - 1 change detected
2025-03-29 22:35:14,406 - watchfiles.main - INFO - 1 change detected
2025-03-29 22:35:14,811 - watchfiles.main - INFO - 1 change detected
2025-03-29 22:35:15,220 - watchfiles.main - INFO - 1 change detected
2025-03-29 22:35:15,628 - watchfiles.main - INFO - 1 change detected
2025-03-29 22:35:16,034 - watchfiles.main - INFO - 1 change detected
2025-03-29 22:35:16,449 - watchfiles.main - INFO - 1 change detected
2025-03-29 22:35:16,852 - watchfiles.main - INFO - 1 change detected
2025-03-29 22:35:17,256 - watchfiles.main - INFO - 1 change detected
2025-03-29 22:35:17,658 - watchfiles.main - INFO - 1 change detected
2025-03-29 22:35:18,076 - watchfiles.main - INFO - 1 change detected
2025-03-29 22:35:18,428 - watchfiles.main - INFO - 1 change detected
2025-03-29 22:35:18,832 - watchfiles.main - INFO - 1 change detected
2025-03-29 22:35:19,239 - watchfiles.main - INFO - 1 change detected
2025-03-29 22:35:19,647 - watchfiles.main - INFO - 1 change detected
2025-03-29 22:35:20,050 - watchfiles.main - INFO - 1 change detected
2025-03-29 22:35:20,091 - server_manager - INFO - Worker 1 timed out
2025-03-29 22:35:20,091 - server_manager - INFO - Worker 4 timed out
2025-03-29 22:35:20,454 - watchfiles.main - INFO - 1 change detected
2025-03-29 22:35:20,856 - watchfiles.main - INFO - 1 change detected
2025-03-29 22:35:21,266 - watchfiles.main - INFO - 1 change detected
2025-03-29 22:35:21,617 - watchfiles.main - INFO - 1 change detected
2025-03-29 22:35:22,024 - watchfiles.main - INFO - 1 change detected
2025-03-29 22:35:22,432 - watchfiles.main - INFO - 1 change detected
2025-03-29 22:35:22,841 - watchfiles.main - INFO - 1 change detected
2025-03-29 22:35:23,256 - watchfiles.main - INFO - 1 change detected
2025-03-29 22:35:23,661 - watchfiles.main - INFO - 1 change detected
2025-03-29 22:35:24,075 - watchfiles.main - INFO - 1 change detected
2025-03-29 22:35:24,483 - watchfiles.main - INFO - 1 change detected
2025-03-29 22:35:24,846 - watchfiles.main - INFO - 1 change detected
2025-03-29 22:35:25,259 - watchfiles.main - INFO - 1 change detected
2025-03-29 22:35:25,672 - watchfiles.main - INFO - 1 change detected
2025-03-29 22:35:26,099 - watchfiles.main - INFO - 1 change detected
2025-03-29 22:35:26,503 - watchfiles.main - INFO - 1 change detected
2025-03-29 22:35:26,868 - watchfiles.main - INFO - 1 change detected
2025-03-29 22:35:27,273 - watchfiles.main - INFO - 1 change detected
2025-03-29 22:35:27,684 - watchfiles.main - INFO - 1 change detected
2025-03-29 22:35:28,089 - watchfiles.main - INFO - 1 change detected
2025-03-29 22:35:28,502 - watchfiles.main - INFO - 1 change detected
2025-03-29 22:35:28,906 - watchfiles.main - INFO - 1 change detected
2025-03-29 22:35:29,261 - watchfiles.main - INFO - 1 change detected
2025-03-29 22:35:29,676 - watchfiles.main - INFO - 1 change detected
2025-03-29 22:35:30,080 - watchfiles.main - INFO - 1 change detected
2025-03-29 22:35:30,495 - watchfiles.main - INFO - 1 change detected
2025-03-29 22:35:30,913 - watchfiles.main - INFO - 1 change detected
2025-03-29 22:35:31,316 - watchfiles.main - INFO - 1 change detected
2025-03-29 22:35:31,734 - watchfiles.main - INFO - 1 change detected
2025-03-29 22:35:32,139 - watchfiles.main - INFO - 1 change detected
2025-03-29 22:35:32,551 - watchfiles.main - INFO - 1 change detected
2025-03-29 22:35:32,965 - watchfiles.main - INFO - 1 change detected
2025-03-29 22:35:33,424 - watchfiles.main - INFO - 1 change detected
2025-03-29 22:35:33,831 - watchfiles.main - INFO - 1 change detected
2025-03-29 22:35:34,241 - watchfiles.main - INFO - 1 change detected
2025-03-29 22:35:34,643 - watchfiles.main - INFO - 1 change detected
2025-03-29 22:35:35,045 - watchfiles.main - INFO - 1 change detected
2025-03-29 22:35:35,458 - watchfiles.main - INFO - 1 change detected
2025-03-29 22:35:35,810 - watchfiles.main - INFO - 1 change detected
2025-03-29 22:35:36,212 - watchfiles.main - INFO - 1 change detected
2025-03-29 22:35:36,629 - watchfiles.main - INFO - 1 change detected
2025-03-29 22:35:37,035 - watchfiles.main - INFO - 1 change detected
2025-03-29 22:35:37,450 - watchfiles.main - INFO - 1 change detected
2025-03-29 22:35:37,851 - watchfiles.main - INFO - 1 change detected
2025-03-29 22:35:38,205 - watchfiles.main - INFO - 1 change detected
2025-03-29 22:35:38,620 - watchfiles.main - INFO - 1 change detected
2025-03-29 22:35:39,037 - watchfiles.main - INFO - 1 change detected
2025-03-29 22:35:39,453 - watchfiles.main - INFO - 1 change detected
2025-03-29 22:35:39,817 - watchfiles.main - INFO - 1 change detected
2025-03-29 22:35:40,226 - watchfiles.main - INFO - 1 change detected
2025-03-29 22:35:40,643 - watchfiles.main - INFO - 1 change detected
2025-03-29 22:35:41,045 - watchfiles.main - INFO - 1 change detected
2025-03-29 22:35:41,462 - watchfiles.main - INFO - 1 change detected
2025-03-29 22:35:41,878 - watchfiles.main - INFO - 1 change detected
2025-03-29 22:35:42,245 - watchfiles.main - INFO - 1 change detected
2025-03-29 22:35:42,648 - watchfiles.main - INFO - 1 change detected
2025-03-29 22:35:43,812 - watchfiles.main - INFO - 1 change detected
2025-03-29 22:35:44,168 - watchfiles.main - INFO - 1 change detected
2025-03-29 22:35:44,521 - watchfiles.main - INFO - 1 change detected
2025-03-29 22:35:44,980 - watchfiles.main - INFO - 1 change detected
2025-03-29 22:35:45,339 - watchfiles.main - INFO - 1 change detected
2025-03-29 22:35:45,755 - watchfiles.main - INFO - 1 change detected
2025-03-29 22:35:46,208 - watchfiles.main - INFO - 1 change detected
2025-03-29 22:35:46,610 - watchfiles.main - INFO - 1 change detected
2025-03-29 22:35:47,026 - watchfiles.main - INFO - 1 change detected
2025-03-29 22:35:47,431 - watchfiles.main - INFO - 1 change detected
2025-03-29 22:35:47,842 - watchfiles.main - INFO - 1 change detected
2025-03-29 22:35:48,251 - watchfiles.main - INFO - 1 change detected
2025-03-29 22:35:48,664 - watchfiles.main - INFO - 1 change detected
2025-03-29 22:35:49,069 - watchfiles.main - INFO - 1 change detected
2025-03-29 22:35:49,435 - watchfiles.main - INFO - 1 change detected
2025-03-29 22:35:49,852 - watchfiles.main - INFO - 1 change detected
2025-03-29 22:35:50,266 - watchfiles.main - INFO - 1 change detected
2025-03-29 22:35:50,622 - watchfiles.main - INFO - 1 change detected
2025-03-29 22:35:51,034 - watchfiles.main - INFO - 1 change detected
2025-03-29 22:35:51,437 - watchfiles.main - INFO - 1 change detected
2025-03-29 22:35:51,841 - watchfiles.main - INFO - 1 change detected
2025-03-29 22:35:52,257 - watchfiles.main - INFO - 1 change detected
2025-03-29 22:35:52,660 - watchfiles.main - INFO - 1 change detected
2025-03-29 22:35:53,063 - watchfiles.main - INFO - 1 change detected
2025-03-29 22:35:53,476 - watchfiles.main - INFO - 1 change detected
2025-03-29 22:35:53,889 - watchfiles.main - INFO - 1 change detected
2025-03-29 22:35:54,249 - watchfiles.main - INFO - 1 change detected
2025-03-29 22:35:54,662 - watchfiles.main - INFO - 1 change detected
2025-03-29 22:35:55,065 - watchfiles.main - INFO - 1 change detected
2025-03-29 22:35:55,532 - watchfiles.main - INFO - 1 change detected
2025-03-29 22:35:55,894 - watchfiles.main - INFO - 1 change detected
2025-03-29 22:35:56,302 - watchfiles.main - INFO - 1 change detected
2025-03-29 22:35:56,706 - watchfiles.main - INFO - 1 change detected
2025-03-29 22:35:57,110 - watchfiles.main - INFO - 1 change detected
2025-03-29 22:35:57,525 - watchfiles.main - INFO - 1 change detected
2025-03-29 22:35:57,905 - watchfiles.main - INFO - 1 change detected
2025-03-29 22:35:58,263 - watchfiles.main - INFO - 1 change detected
2025-03-29 22:35:58,630 - watchfiles.main - INFO - 1 change detected
2025-03-29 22:35:58,983 - watchfiles.main - INFO - 1 change detected
2025-03-29 22:35:59,345 - watchfiles.main - INFO - 1 change detected
2025-03-29 22:35:59,711 - watchfiles.main - INFO - 1 change detected
2025-03-29 22:36:00,066 - watchfiles.main - INFO - 1 change detected
2025-03-29 22:36:00,424 - watchfiles.main - INFO - 1 change detected
2025-03-29 22:36:00,830 - watchfiles.main - INFO - 1 change detected
2025-03-29 22:36:01,240 - watchfiles.main - INFO - 1 change detected
2025-03-29 22:36:01,655 - watchfiles.main - INFO - 1 change detected
2025-03-29 22:36:02,057 - watchfiles.main - INFO - 1 change detected
2025-03-29 22:36:02,465 - watchfiles.main - INFO - 1 change detected
2025-03-29 22:36:02,874 - watchfiles.main - INFO - 1 change detected
2025-03-29 22:36:03,288 - watchfiles.main - INFO - 1 change detected
2025-03-29 22:36:03,693 - watchfiles.main - INFO - 1 change detected
2025-03-29 22:36:04,060 - watchfiles.main - INFO - 1 change detected
2025-03-29 22:36:04,464 - watchfiles.main - INFO - 1 change detected
2025-03-29 22:36:04,873 - watchfiles.main - INFO - 1 change detected
2025-03-29 22:36:05,275 - watchfiles.main - INFO - 1 change detected
2025-03-29 22:36:05,733 - watchfiles.main - INFO - 1 change detected
2025-03-29 22:36:06,149 - watchfiles.main - INFO - 1 change detected
2025-03-29 22:36:06,566 - watchfiles.main - INFO - 1 change detected
2025-03-29 22:36:06,982 - watchfiles.main - INFO - 1 change detected
2025-03-29 22:36:07,386 - watchfiles.main - INFO - 1 change detected
2025-03-29 22:36:07,801 - watchfiles.main - INFO - 1 change detected
2025-03-29 22:36:08,204 - watchfiles.main - INFO - 1 change detected
2025-03-29 22:36:08,608 - watchfiles.main - INFO - 1 change detected
2025-03-29 22:36:09,024 - watchfiles.main - INFO - 1 change detected
2025-03-29 22:36:09,437 - watchfiles.main - INFO - 1 change detected
2025-03-29 22:36:09,892 - watchfiles.main - INFO - 1 change detected
2025-03-29 22:36:10,246 - watchfiles.main - INFO - 1 change detected
2025-03-29 22:36:10,655 - watchfiles.main - INFO - 1 change detected
2025-03-29 22:36:11,067 - watchfiles.main - INFO - 1 change detected
2025-03-29 22:36:11,479 - watchfiles.main - INFO - 1 change detected
2025-03-29 22:36:11,882 - watchfiles.main - INFO - 1 change detected
2025-03-29 22:36:12,292 - watchfiles.main - INFO - 1 change detected
2025-03-29 22:36:12,699 - watchfiles.main - INFO - 1 change detected
2025-03-29 22:36:13,071 - watchfiles.main - INFO - 1 change detected
2025-03-29 22:36:13,478 - watchfiles.main - INFO - 1 change detected
2025-03-29 22:36:13,889 - watchfiles.main - INFO - 1 change detected
2025-03-29 22:36:14,307 - watchfiles.main - INFO - 1 change detected
2025-03-29 22:36:14,673 - watchfiles.main - INFO - 1 change detected
2025-03-29 22:36:15,076 - watchfiles.main - INFO - 1 change detected
2025-03-29 22:36:15,493 - watchfiles.main - INFO - 1 change detected
2025-03-29 22:36:15,896 - watchfiles.main - INFO - 1 change detected
2025-03-29 22:36:16,298 - watchfiles.main - INFO - 1 change detected
2025-03-29 22:36:16,751 - watchfiles.main - INFO - 1 change detected
2025-03-29 22:36:17,133 - watchfiles.main - INFO - 1 change detected
2025-03-29 22:36:17,503 - watchfiles.main - INFO - 1 change detected
2025-03-29 22:36:17,867 - watchfiles.main - INFO - 1 change detected
2025-03-29 22:36:18,220 - watchfiles.main - INFO - 1 change detected
2025-03-29 22:36:18,580 - watchfiles.main - INFO - 1 change detected
2025-03-29 22:36:18,941 - watchfiles.main - INFO - 1 change detected
2025-03-29 22:36:19,300 - watchfiles.main - INFO - 1 change detected
2025-03-29 22:36:19,654 - watchfiles.main - INFO - 1 change detected
2025-03-29 22:36:20,009 - watchfiles.main - INFO - 1 change detected
2025-03-29 22:36:20,421 - watchfiles.main - INFO - 1 change detected
2025-03-29 22:36:20,780 - watchfiles.main - INFO - 1 change detected
2025-03-29 22:36:21,178 - watchfiles.main - INFO - 1 change detected
2025-03-29 22:36:21,534 - watchfiles.main - INFO - 1 change detected
2025-03-29 22:36:21,891 - watchfiles.main - INFO - 1 change detected
2025-03-29 22:36:22,243 - watchfiles.main - INFO - 1 change detected
2025-03-29 22:36:22,597 - watchfiles.main - INFO - 1 change detected
2025-03-29 22:36:22,950 - watchfiles.main - INFO - 1 change detected
2025-03-29 22:36:23,319 - watchfiles.main - INFO - 1 change detected
2025-03-29 22:36:23,684 - watchfiles.main - INFO - 1 change detected
2025-03-29 22:36:24,097 - watchfiles.main - INFO - 1 change detected
2025-03-29 22:36:24,500 - watchfiles.main - INFO - 1 change detected
2025-03-29 22:36:24,910 - watchfiles.main - INFO - 1 change detected
2025-03-29 22:36:25,273 - watchfiles.main - INFO - 1 change detected
2025-03-29 22:36:25,689 - watchfiles.main - INFO - 1 change detected
2025-03-29 22:36:26,097 - watchfiles.main - INFO - 1 change detected
2025-03-29 22:36:26,508 - watchfiles.main - INFO - 1 change detected
2025-03-29 22:36:26,913 - watchfiles.main - INFO - 1 change detected
2025-03-29 22:36:27,381 - watchfiles.main - INFO - 1 change detected
2025-03-29 22:36:27,736 - watchfiles.main - INFO - 1 change detected
2025-03-29 22:36:28,148 - watchfiles.main - INFO - 1 change detected
2025-03-29 22:36:28,550 - watchfiles.main - INFO - 1 change detected
2025-03-29 22:36:28,953 - watchfiles.main - INFO - 1 change detected
2025-03-29 22:36:29,368 - watchfiles.main - INFO - 1 change detected
2025-03-29 22:36:29,776 - watchfiles.main - INFO - 1 change detected
2025-03-29 22:36:30,178 - watchfiles.main - INFO - 1 change detected
2025-03-29 22:36:30,593 - watchfiles.main - INFO - 1 change detected
2025-03-29 22:36:31,011 - watchfiles.main - INFO - 1 change detected
2025-03-29 22:36:31,418 - watchfiles.main - INFO - 1 change detected
2025-03-29 22:36:31,775 - watchfiles.main - INFO - 1 change detected
2025-03-29 22:36:32,179 - watchfiles.main - INFO - 1 change detected
2025-03-29 22:36:32,594 - watchfiles.main - INFO - 1 change detected
2025-03-29 22:36:32,998 - watchfiles.main - INFO - 1 change detected
2025-03-29 22:36:33,413 - watchfiles.main - INFO - 1 change detected
2025-03-29 22:36:33,827 - watchfiles.main - INFO - 1 change detected
2025-03-29 22:36:34,237 - watchfiles.main - INFO - 1 change detected
2025-03-29 22:36:34,604 - watchfiles.main - INFO - 1 change detected
2025-03-29 22:36:35,019 - watchfiles.main - INFO - 1 change detected
2025-03-29 22:36:35,422 - watchfiles.main - INFO - 1 change detected
2025-03-29 22:36:35,888 - watchfiles.main - INFO - 1 change detected
2025-03-29 22:36:36,252 - watchfiles.main - INFO - 1 change detected
2025-03-29 22:36:36,657 - watchfiles.main - INFO - 1 change detected
2025-03-29 22:36:37,063 - watchfiles.main - INFO - 1 change detected
2025-03-29 22:36:37,472 - watchfiles.main - INFO - 1 change detected
2025-03-29 22:36:37,877 - watchfiles.main - INFO - 1 change detected
2025-03-29 22:36:38,293 - watchfiles.main - INFO - 1 change detected
2025-03-29 22:36:38,698 - watchfiles.main - INFO - 1 change detected
2025-03-29 22:36:39,062 - watchfiles.main - INFO - 1 change detected
2025-03-29 22:36:39,486 - watchfiles.main - INFO - 1 change detected
2025-03-29 22:36:39,903 - watchfiles.main - INFO - 1 change detected
2025-03-29 22:36:40,306 - watchfiles.main - INFO - 1 change detected
2025-03-29 22:36:40,717 - watchfiles.main - INFO - 1 change detected
2025-03-29 22:36:41,119 - watchfiles.main - INFO - 1 change detected
2025-03-29 22:36:41,478 - watchfiles.main - INFO - 1 change detected
2025-03-29 22:36:41,839 - watchfiles.main - INFO - 1 change detected
2025-03-29 22:36:42,191 - watchfiles.main - INFO - 1 change detected
2025-03-29 22:36:42,550 - watchfiles.main - INFO - 1 change detected
2025-03-29 22:36:42,903 - watchfiles.main - INFO - 1 change detected
2025-03-29 22:36:43,255 - watchfiles.main - INFO - 1 change detected
2025-03-29 22:36:43,709 - watchfiles.main - INFO - 1 change detected
2025-03-29 22:36:44,061 - watchfiles.main - INFO - 1 change detected
2025-03-29 22:36:44,514 - watchfiles.main - INFO - 1 change detected
2025-03-29 22:36:44,931 - watchfiles.main - INFO - 1 change detected
2025-03-29 22:36:45,299 - watchfiles.main - INFO - 1 change detected
2025-03-29 22:36:45,701 - watchfiles.main - INFO - 1 change detected
2025-03-29 22:36:46,108 - watchfiles.main - INFO - 1 change detected
2025-03-29 22:36:46,519 - watchfiles.main - INFO - 1 change detected
2025-03-29 22:36:46,936 - watchfiles.main - INFO - 1 change detected
2025-03-29 22:36:47,303 - watchfiles.main - INFO - 1 change detected
2025-03-29 22:36:47,754 - watchfiles.main - INFO - 1 change detected
2025-03-29 22:36:48,173 - watchfiles.main - INFO - 1 change detected
2025-03-29 22:36:48,577 - watchfiles.main - INFO - 1 change detected
2025-03-29 22:36:49,040 - watchfiles.main - INFO - 1 change detected
2025-03-29 22:36:49,393 - watchfiles.main - INFO - 1 change detected
2025-03-29 22:36:49,810 - watchfiles.main - INFO - 1 change detected
2025-03-29 22:36:50,226 - watchfiles.main - INFO - 1 change detected
2025-03-29 22:36:50,631 - watchfiles.main - INFO - 1 change detected
2025-03-29 22:36:51,048 - watchfiles.main - INFO - 1 change detected
2025-03-29 22:36:51,454 - watchfiles.main - INFO - 1 change detected
2025-03-29 22:36:51,863 - watchfiles.main - INFO - 1 change detected
2025-03-29 22:36:52,265 - watchfiles.main - INFO - 1 change detected
2025-03-29 22:36:52,620 - watchfiles.main - INFO - 1 change detected
2025-03-29 22:36:53,039 - watchfiles.main - INFO - 1 change detected
2025-03-29 22:36:53,455 - watchfiles.main - INFO - 1 change detected
2025-03-29 22:36:53,869 - watchfiles.main - INFO - 1 change detected
2025-03-29 22:36:54,285 - watchfiles.main - INFO - 1 change detected
2025-03-29 22:36:54,693 - watchfiles.main - INFO - 1 change detected
2025-03-29 22:36:55,096 - watchfiles.main - INFO - 1 change detected
2025-03-29 22:36:55,549 - watchfiles.main - INFO - 1 change detected
2025-03-29 22:36:55,962 - watchfiles.main - INFO - 1 change detected
2025-03-29 22:36:56,378 - watchfiles.main - INFO - 1 change detected
2025-03-29 22:36:56,794 - watchfiles.main - INFO - 1 change detected
2025-03-29 22:36:57,147 - watchfiles.main - INFO - 1 change detected
2025-03-29 22:36:57,556 - watchfiles.main - INFO - 1 change detected
2025-03-29 22:36:57,958 - watchfiles.main - INFO - 1 change detected
2025-03-29 22:36:58,372 - watchfiles.main - INFO - 1 change detected
2025-03-29 22:36:58,755 - server_manager - INFO - Shutting down server...
2025-03-29 22:37:15,935 - server_manager - INFO - Worker 1 timed out
2025-03-29 22:37:15,935 - server_manager - INFO - Worker 4 timed out
2025-03-29 22:37:44,419 - server_manager - INFO - Worker 1 timed out
2025-03-29 22:37:44,419 - server_manager - INFO - Worker 4 timed out
2025-03-29 22:38:54,420 - server_manager - INFO - Worker 3 timed out
2025-03-29 22:39:01,310 - watchfiles.main - INFO - 1 change detected
2025-03-29 22:39:29,429 - server_manager - INFO - Worker 3 timed out
2025-03-29 22:39:29,540 - server_manager - INFO - Shutting down server...
2025-03-29 22:40:45,986 - server_manager - INFO - Worker 2 timed out
2025-03-29 22:40:45,986 - server_manager - INFO - Worker 4 timed out
2025-03-29 22:41:20,985 - server_manager - INFO - Worker 1 timed out
2025-03-29 22:41:20,985 - server_manager - INFO - Worker 3 timed out
2025-03-29 22:41:20,985 - server_manager - INFO - Worker 4 timed out
2025-03-29 22:41:55,987 - server_manager - INFO - Worker 4 timed out
2025-03-29 22:42:30,984 - server_manager - INFO - Worker 1 timed out
2025-03-29 22:42:30,984 - server_manager - INFO - Worker 4 timed out
2025-03-29 22:44:15,983 - server_manager - INFO - Worker 2 timed out
2025-03-29 22:45:25,997 - server_manager - INFO - Worker 4 timed out
2025-03-29 22:46:00,997 - server_manager - INFO - Worker 3 timed out
